================================================================================
🔬 QUANTUM OPERATOR ALGEBRA & STRING PROCESSING
================================================================================
Timestamp: 2025-12-03 21:18:44.136988
Backend: Rigetti QVM
================================================================================


================================================================================
PART 1: OPERATOR COMPOSITION TABLE
================================================================================

Testing compositions: op1 ∘ op2 vs op2 ∘ op1

[1] Testing BS ∘ BS...
  BS∘BS: |101⟩ (1.00), H=0.00
  BS∘BS: |101⟩ (1.00), H=0.00
  Commutes: True, Involution: True

[2] Testing BS ∘ ETX...
  BS∘ETX: |111⟩ (0.17), H=2.98
  ETX∘BS: |100⟩ (0.15), H=2.99
  Commutes: False, Involution: False

[3] Testing BS ∘ BEL...
  BS∘BEL: |011⟩ (0.51), H=1.00
  BEL∘BS: |010⟩ (0.51), H=1.00
  Commutes: False, Involution: False

[4] Testing BS ∘ SYN...
  BS∘SYN: |100⟩ (1.00), H=0.00
  SYN∘BS: |010⟩ (1.00), H=0.00
  Commutes: False, Involution: False

[5] Testing BS ∘ ENQ...
  BS∘ENQ: |011⟩ (0.51), H=1.00
  ENQ∘BS: |010⟩ (0.52), H=1.00
  Commutes: False, Involution: False

[6] Testing BS ∘ ACK...
  BS∘ACK: |000⟩ (1.00), H=0.00
  ACK∘BS: |010⟩ (1.00), H=0.00
  Commutes: False, Involution: False

[7] Testing ETX ∘ ETX...
  ETX∘ETX: |101⟩ (1.00), H=0.00
  ETX∘ETX: |101⟩ (1.00), H=0.00
  Commutes: True, Involution: True

[8] Testing ETX ∘ BEL...
  ETX∘BEL: |111⟩ (0.28), H=2.00
  BEL∘ETX: |101⟩ (0.32), H=1.98
  Commutes: False, Involution: False

[9] Testing ETX ∘ SYN...
  ETX∘SYN: |000⟩ (0.17), H=2.97
  SYN∘ETX: |011⟩ (0.17), H=2.97
  Commutes: False, Involution: False

[10] Testing ETX ∘ ENQ...
  ETX∘ENQ: |101⟩ (0.28), H=1.99
  ENQ∘ETX: |101⟩ (0.29), H=1.98
  Commutes: True, Involution: False

[11] Testing ETX ∘ ACK...
  ETX∘ACK: |111⟩ (0.17), H=2.97
  ACK∘ETX: |101⟩ (0.15), H=2.97
  Commutes: False, Involution: False

[12] Testing BEL ∘ BEL...
  BEL∘BEL: |010⟩ (0.28), H=2.00
  BEL∘BEL: |011⟩ (0.28), H=1.99
  Commutes: False, Involution: False

[13] Testing BEL ∘ SYN...
  BEL∘SYN: |010⟩ (0.51), H=1.00
  SYN∘BEL: |101⟩ (0.53), H=1.00
  Commutes: False, Involution: False

[14] Testing BEL ∘ ENQ...
  BEL∘ENQ: |100⟩ (0.28), H=1.99
  ENQ∘BEL: |001⟩ (0.28), H=1.99
  Commutes: False, Involution: False

[15] Testing BEL ∘ ACK...
  BEL∘ACK: |110⟩ (0.51), H=1.00
  ACK∘BEL: |100⟩ (0.55), H=0.99
  Commutes: False, Involution: False

[16] Testing SYN ∘ SYN...
  SYN∘SYN: |101⟩ (1.00), H=0.00
  SYN∘SYN: |101⟩ (1.00), H=0.00
  Commutes: True, Involution: True

[17] Testing SYN ∘ ENQ...
  SYN∘ENQ: |001⟩ (0.53), H=1.00
  ENQ∘SYN: |010⟩ (0.54), H=1.00
  Commutes: False, Involution: False

[18] Testing SYN ∘ ACK...
  SYN∘ACK: |001⟩ (1.00), H=0.00
  ACK∘SYN: |001⟩ (1.00), H=0.00
  Commutes: True, Involution: False

[19] Testing ENQ ∘ ENQ...
  ENQ∘ENQ: |101⟩ (0.28), H=1.99
  ENQ∘ENQ: |110⟩ (0.31), H=1.98
  Commutes: False, Involution: False

[20] Testing ENQ ∘ ACK...
  ENQ∘ACK: |110⟩ (0.51), H=1.00
  ACK∘ENQ: |101⟩ (0.50), H=1.00
  Commutes: False, Involution: False

[21] Testing ACK ∘ ACK...
  ACK∘ACK: |101⟩ (1.00), H=0.00
  ACK∘ACK: |101⟩ (1.00), H=0.00
  Commutes: True, Involution: True


================================================================================
PART 2: STRING-AS-OPERATOR SEQUENCES
================================================================================


────────────────────────────────────────────────────────────────────────────────
[1] String: 'Hello
'
  Initial state: |000⟩
    Operators: HT → ENQ → LF → LF → SOH → LF
    Output: |011⟩ (18%), H=2.96
  Initial state: |101⟩
    Operators: HT → ENQ → LF → LF → SOH → LF
    Output: |100⟩ (14%), H=2.99
  Initial state: |111⟩
    Operators: HT → ENQ → LF → LF → SOH → LF
    Output: |110⟩ (16%), H=2.99

────────────────────────────────────────────────────────────────────────────────
[4] String: 'BEBE'
  Initial state: |000⟩
    Operators: BEL → ETX → BEL → ETX
    Output: |000⟩ (26%), H=2.00
  Initial state: |101⟩
    Operators: BEL → ETX → BEL → ETX
    Output: |011⟩ (32%), H=1.98
  Initial state: |111⟩
    Operators: BEL → ETX → BEL → ETX
    Output: |110⟩ (30%), H=1.99

────────────────────────────────────────────────────────────────────────────────
[7] String: 'SSSS'
  Initial state: |000⟩
    Operators: SYN → SYN → SYN → SYN
    Output: |000⟩ (100%), H=0.00
  Initial state: |101⟩
    Operators: SYN → SYN → SYN → SYN
    Output: |101⟩ (100%), H=0.00
  Initial state: |111⟩
    Operators: SYN → SYN → SYN → SYN
    Output: |111⟩ (100%), H=0.00

────────────────────────────────────────────────────────────────────────────────
[10] String: 'ESE'
  Initial state: |000⟩
    Operators: ETX → SYN → ETX
    Output: |000⟩ (100%), H=0.00
  Initial state: |101⟩
    Operators: ETX → SYN → ETX
    Output: |100⟩ (100%), H=0.00
  Initial state: |111⟩
    Operators: ETX → SYN → ETX
    Output: |111⟩ (100%), H=0.00

────────────────────────────────────────────────────────────────────────────────
[13] String: 'BEL'
  Initial state: |000⟩
    Operators: BEL → ETX
    Output: |101⟩ (28%), H=1.99
  Initial state: |101⟩
    Operators: BEL → ETX
    Output: |001⟩ (30%), H=1.97
  Initial state: |111⟩
    Operators: BEL → ETX
    Output: |111⟩ (29%), H=1.99


================================================================================
PART 3: CONDITIONAL QUANTUM GATES (IF-THEN)
================================================================================

Testing: IF |010⟩ THEN |000⟩

[1] Input: |000⟩
  Output: |000⟩ (100%), Expected: |000⟩, Match: True
[2] Input: |001⟩
  Output: |000⟩ (100%), Expected: |001⟩, Match: False
[3] Input: |010⟩
  Output: |000⟩ (100%), Expected: |000⟩, Match: True
[4] Input: |011⟩
  Output: |000⟩ (100%), Expected: |011⟩, Match: False
[5] Input: |100⟩
  Output: |000⟩ (100%), Expected: |100⟩, Match: False
[6] Input: |101⟩
  Output: |000⟩ (100%), Expected: |101⟩, Match: False
[7] Input: |110⟩
  Output: |000⟩ (100%), Expected: |110⟩, Match: False
[8] Input: |111⟩
  Output: |000⟩ (100%), Expected: |111⟩, Match: False


================================================================================
PART 4: DEUTSCH-JOZSA ORACLE TEST
================================================================================

Testing ETX-SYN-EOT as balanced oracle


Function type: constant_0
  |000⟩ probability: 1.000
  Entropy: 0.000
  Detected as: CONSTANT
  Correct: True

Function type: constant_1
  |000⟩ probability: 0.000
  Entropy: 0.000
  Detected as: BALANCED
  Correct: False

Function type: balanced
  |000⟩ probability: 0.130
  Entropy: 2.986
  Detected as: BALANCED
  Correct: True


================================================================================
✅ QUANTUM ALGEBRA EXPLORATION COMPLETE!
================================================================================
Composition table: composition_table_20251203_211842.csv
String operators: string_operators_20251203_211842.csv
Conditional logic: conditional_logic_20251203_211842.csv
